# Design: Design BOOTH_2 already active.
# DESIGN: Default Design Language: VHDL
# DESIGN: Default BDE Language: VHDL
# DESIGN: C-Synthesis: Not Defined
# DESIGN: HDL Synthesis: Not Defined
# DESIGN: Physical Synthesis: Not Defined
# DESIGN: Implementation: Not Defined
acom -reorder -work BOOTH_2 -2002  $DSN/src/BOOTH.vhd
# Compile with File Reorder...
# File: c:\My_Designs\BOOTH_2\BOOTH_2\src\BOOTH.vhd
# Compile Entity "BOOTH"
# Compile Architecture "BOOTH" of Entity "BOOTH"
# Top-level unit(s) detected:
# Entity => BOOTH
# Compile success 0 Errors 0 Warnings  Analysis time :  0.1 [s]
# ELBREAD: Elaboration process.
# ELBREAD: Elaboration time 0.0 [s].
acom -work BOOTH_2 -2002  $DSN/src/TestBench/booth_TB.vhd
# Compile...
# File: c:\My_Designs\BOOTH_2\BOOTH_2\src\TestBench\booth_TB.vhd
# Compile Entity "booth_tb"
# Compile Architecture "TB_ARCHITECTURE" of Entity "booth_tb"
# Compile Configuration "TESTBENCH_FOR_booth"
# Compile success 0 Errors 0 Warnings  Analysis time :  0.2 [s]
# ELBREAD: Elaboration process.
# ELBREAD: Elaboration time 0.0 [s].
asim -advdataflow  booth_tb tb_architecture
# ELBREAD: Elaboration process.
# ELBREAD: Elaboration time 0.0 [s].
# asim: Stack memory: 32MB
# asim: Retval memory: 32MB
# KERNEL: Main thread initiated.
# KERNEL: Kernel process initialization phase.
# KERNEL: Time resolution set to 1ps.
# ELAB2: Elaboration final pass...
# ELAB2: Create instances ...
# ELAB2: Create instances complete.
# ELAB2: Elaboration final pass complete - time: 0.0 [s].
# KERNEL: Kernel process initialization done.
# Allocation: Simulator allocated 1779 kB (elbread=1023 elab2=484 kernel=270 sdf=0)
# KERNEL: ASDB file was created in location c:\My_Designs\BOOTH_2\BOOTH_2\src\wave.asdb
#  11:58 PM, Friday, April 27, 2018
#  Simulation has been initialized
#  Selected Top-Level: booth_tb (tb_architecture)
# 3 signal(s) traced.
run 100 ns
# KERNEL: WARNING: There is an 'U'|'X'|'W'|'Z'|'-' in an arithmetic operand, the result will be 'X'(es).
# KERNEL: Time: 0 ps,  Iteration: 0,  Instance: /UUT,  Process: line__46.
# KERNEL: WARNING: There is an 'U'|'X'|'W'|'Z'|'-' in an arithmetic operand, the result will be 'X'(es).
# KERNEL: Time: 0 ps,  Iteration: 0,  Instance: /UUT,  Process: line__46.
# KERNEL: WARNING: There is an 'U'|'X'|'W'|'Z'|'-' in an arithmetic operand, the result will be 'X'(es).
# KERNEL: Time: 0 ps,  Iteration: 0,  Instance: /UUT,  Process: line__46.
# KERNEL: WARNING: There is an 'U'|'X'|'W'|'Z'|'-' in an arithmetic operand, the result will be 'X'(es).
# KERNEL: Time: 0 ps,  Iteration: 0,  Instance: /UUT,  Process: line__46.
# KERNEL: WARNING: There is an 'U'|'X'|'W'|'Z'|'-' in an arithmetic operand, the result will be 'X'(es).
# KERNEL: Time: 0 ps,  Iteration: 0,  Instance: /UUT,  Process: line__46.
# KERNEL: WARNING: There is an 'U'|'X'|'W'|'Z'|'-' in an arithmetic operand, the result will be 'X'(es).
# KERNEL: Time: 0 ps,  Iteration: 0,  Instance: /UUT,  Process: line__46.
# KERNEL: WARNING: There is an 'U'|'X'|'W'|'Z'|'-' in an arithmetic operand, the result will be 'X'(es).
# KERNEL: Time: 0 ps,  Iteration: 0,  Instance: /UUT,  Process: line__46.
# KERNEL: WARNING: There is an 'U'|'X'|'W'|'Z'|'-' in an arithmetic operand, the result will be 'X'(es).
# KERNEL: Time: 0 ps,  Iteration: 0,  Instance: /UUT,  Process: line__46.
# KERNEL: WARNING: There is an 'U'|'X'|'W'|'Z'|'-' in an arithmetic operand, the result will be 'X'(es).
# KERNEL: Time: 0 ps,  Iteration: 0,  Instance: /UUT,  Process: line__46.
# KERNEL: WARNING: There is an 'U'|'X'|'W'|'Z'|'-' in an arithmetic operand, the result will be 'X'(es).
# KERNEL: Time: 0 ps,  Iteration: 0,  Instance: /UUT,  Process: line__46.
# KERNEL: WARNING: There is an 'U'|'X'|'W'|'Z'|'-' in an arithmetic operand, the result will be 'X'(es).
# KERNEL: Time: 0 ps,  Iteration: 0,  Instance: /UUT,  Process: line__46.
# KERNEL: WARNING: There is an 'U'|'X'|'W'|'Z'|'-' in an arithmetic operand, the result will be 'X'(es).
# KERNEL: Time: 0 ps,  Iteration: 0,  Instance: /UUT,  Process: line__46.
# KERNEL: WARNING: There is an 'U'|'X'|'W'|'Z'|'-' in an arithmetic operand, the result will be 'X'(es).
# KERNEL: Time: 0 ps,  Iteration: 0,  Instance: /UUT,  Process: line__46.
# KERNEL: WARNING: There is an 'U'|'X'|'W'|'Z'|'-' in an arithmetic operand, the result will be 'X'(es).
# KERNEL: Time: 0 ps,  Iteration: 0,  Instance: /UUT,  Process: line__46.
# KERNEL: WARNING: There is an 'U'|'X'|'W'|'Z'|'-' in an arithmetic operand, the result will be 'X'(es).
# KERNEL: Time: 0 ps,  Iteration: 0,  Instance: /UUT,  Process: line__46.
# KERNEL: WARNING: There is an 'U'|'X'|'W'|'Z'|'-' in an arithmetic operand, the result will be 'X'(es).
# KERNEL: Time: 0 ps,  Iteration: 0,  Instance: /UUT,  Process: line__46.
# KERNEL: stopped at time: 100 ns
step -out
step
step
step
# Stopped at breakpoint in file c:\My_Designs\BOOTH_2\BOOTH_2/src/TestBench/booth_TB.vhd at line 41.
step
step
step
step
step
step
# Stopped at breakpoint in file c:\My_Designs\BOOTH_2\BOOTH_2/src/TestBench/booth_TB.vhd at line 41.
step
step
step
step
step
step
# Stopped at breakpoint in file c:\My_Designs\BOOTH_2\BOOTH_2/src/TestBench/booth_TB.vhd at line 41.
step
step
step
step
step
step
# Stopped at breakpoint in file c:\My_Designs\BOOTH_2\BOOTH_2/src/TestBench/booth_TB.vhd at line 41.
step
step
step
step
step
endsim
#  Simulation has been stopped
asim -advdataflow  booth_tb tb_architecture
# ELBREAD: Elaboration process.
# ELBREAD: Elaboration time 0.0 [s].
# asim: Stack memory: 32MB
# asim: Retval memory: 32MB
# KERNEL: Main thread initiated.
# KERNEL: Kernel process initialization phase.
# KERNEL: Time resolution set to 1ps.
# ELAB2: Elaboration final pass...
# ELAB2: Create instances ...
# ELAB2: Create instances complete.
# ELAB2: Elaboration final pass complete - time: 0.0 [s].
# KERNEL: Kernel process initialization done.
# Allocation: Simulator allocated 1779 kB (elbread=1023 elab2=484 kernel=270 sdf=0)
# KERNEL: ASDB file was created in location c:\My_Designs\BOOTH_2\BOOTH_2\src\wave.asdb
#  12:01 AM, Saturday, April 28, 2018
#  Simulation has been initialized
#  Selected Top-Level: booth_tb (tb_architecture)
step
step
step
step
step
step
step
step
step
step
# Stopped at breakpoint in file c:\My_Designs\BOOTH_2\BOOTH_2/src/BOOTH.vhd at line 60.
step
step
step
# KERNEL: WARNING: There is an 'U'|'X'|'W'|'Z'|'-' in an arithmetic operand, the result will be 'X'(es).
# KERNEL: Time: 0 ps,  Iteration: 0,  Instance: /UUT,  Process: line__46.
step
step
# KERNEL: WARNING: There is an 'U'|'X'|'W'|'Z'|'-' in an arithmetic operand, the result will be 'X'(es).
# KERNEL: Time: 0 ps,  Iteration: 0,  Instance: /UUT,  Process: line__46.
step
step
# Stopped at breakpoint in file c:\My_Designs\BOOTH_2\BOOTH_2/src/BOOTH.vhd at line 60.
step
step
step
# KERNEL: WARNING: There is an 'U'|'X'|'W'|'Z'|'-' in an arithmetic operand, the result will be 'X'(es).
# KERNEL: Time: 0 ps,  Iteration: 0,  Instance: /UUT,  Process: line__46.
step
step
# KERNEL: WARNING: There is an 'U'|'X'|'W'|'Z'|'-' in an arithmetic operand, the result will be 'X'(es).
# KERNEL: Time: 0 ps,  Iteration: 0,  Instance: /UUT,  Process: line__46.
step
step
# Stopped at breakpoint in file c:\My_Designs\BOOTH_2\BOOTH_2/src/BOOTH.vhd at line 60.
step
step
step
# KERNEL: WARNING: There is an 'U'|'X'|'W'|'Z'|'-' in an arithmetic operand, the result will be 'X'(es).
# KERNEL: Time: 0 ps,  Iteration: 0,  Instance: /UUT,  Process: line__46.
step
step
# KERNEL: WARNING: There is an 'U'|'X'|'W'|'Z'|'-' in an arithmetic operand, the result will be 'X'(es).
# KERNEL: Time: 0 ps,  Iteration: 0,  Instance: /UUT,  Process: line__46.
step
step
# Stopped at breakpoint in file c:\My_Designs\BOOTH_2\BOOTH_2/src/BOOTH.vhd at line 60.
step
step
step
# KERNEL: WARNING: There is an 'U'|'X'|'W'|'Z'|'-' in an arithmetic operand, the result will be 'X'(es).
# KERNEL: Time: 0 ps,  Iteration: 0,  Instance: /UUT,  Process: line__46.
step
step
# KERNEL: WARNING: There is an 'U'|'X'|'W'|'Z'|'-' in an arithmetic operand, the result will be 'X'(es).
# KERNEL: Time: 0 ps,  Iteration: 0,  Instance: /UUT,  Process: line__46.
step
step
# Stopped at breakpoint in file c:\My_Designs\BOOTH_2\BOOTH_2/src/BOOTH.vhd at line 60.
step
step
step
# KERNEL: WARNING: There is an 'U'|'X'|'W'|'Z'|'-' in an arithmetic operand, the result will be 'X'(es).
# KERNEL: Time: 0 ps,  Iteration: 0,  Instance: /UUT,  Process: line__46.
step
step
# KERNEL: WARNING: There is an 'U'|'X'|'W'|'Z'|'-' in an arithmetic operand, the result will be 'X'(es).
# KERNEL: Time: 0 ps,  Iteration: 0,  Instance: /UUT,  Process: line__46.
step
step
# Stopped at breakpoint in file c:\My_Designs\BOOTH_2\BOOTH_2/src/BOOTH.vhd at line 60.
step
step
step
# KERNEL: WARNING: There is an 'U'|'X'|'W'|'Z'|'-' in an arithmetic operand, the result will be 'X'(es).
# KERNEL: Time: 0 ps,  Iteration: 0,  Instance: /UUT,  Process: line__46.
step
step
# KERNEL: WARNING: There is an 'U'|'X'|'W'|'Z'|'-' in an arithmetic operand, the result will be 'X'(es).
# KERNEL: Time: 0 ps,  Iteration: 0,  Instance: /UUT,  Process: line__46.
step
step
# Stopped at breakpoint in file c:\My_Designs\BOOTH_2\BOOTH_2/src/BOOTH.vhd at line 60.
step
step
step
# KERNEL: WARNING: There is an 'U'|'X'|'W'|'Z'|'-' in an arithmetic operand, the result will be 'X'(es).
# KERNEL: Time: 0 ps,  Iteration: 0,  Instance: /UUT,  Process: line__46.
step
step
# KERNEL: WARNING: There is an 'U'|'X'|'W'|'Z'|'-' in an arithmetic operand, the result will be 'X'(es).
# KERNEL: Time: 0 ps,  Iteration: 0,  Instance: /UUT,  Process: line__46.
step
step
# Stopped at breakpoint in file c:\My_Designs\BOOTH_2\BOOTH_2/src/BOOTH.vhd at line 60.
step
step
step
# KERNEL: WARNING: There is an 'U'|'X'|'W'|'Z'|'-' in an arithmetic operand, the result will be 'X'(es).
# KERNEL: Time: 0 ps,  Iteration: 0,  Instance: /UUT,  Process: line__46.
step
step
# KERNEL: WARNING: There is an 'U'|'X'|'W'|'Z'|'-' in an arithmetic operand, the result will be 'X'(es).
# KERNEL: Time: 0 ps,  Iteration: 0,  Instance: /UUT,  Process: line__46.
step
step
step
step
step
step
step
step
step
# Stopped at breakpoint in file c:\My_Designs\BOOTH_2\BOOTH_2/src/BOOTH.vhd at line 60.
step
step
step
step
step
step
step
step
step
step
step
# Stopped at breakpoint in file c:\My_Designs\BOOTH_2\BOOTH_2/src/BOOTH.vhd at line 60.
step
step
step
step
endsim
#  Simulation has been stopped
asim -advdataflow  booth_tb tb_architecture
# ELBREAD: Elaboration process.
# ELBREAD: Elaboration time 0.0 [s].
# asim: Stack memory: 32MB
# asim: Retval memory: 32MB
acom -work BOOTH_2 -2002  $DSN/src/BOOTH.vhd
# Compile...
# File: c:\My_Designs\BOOTH_2\BOOTH_2\src\BOOTH.vhd
# Compile Entity "BOOTH"
# Compile Architecture "BOOTH" of Entity "BOOTH"
# Compile success 0 Errors 0 Warnings  Analysis time :  94.0 [ms]
# ELBREAD: Elaboration process.
# ELBREAD: Elaboration time 0.0 [s].
# KERNEL: Main thread initiated.
# KERNEL: Kernel process initialization phase.
# KERNEL: Time resolution set to 1ps.
# ELAB2: Elaboration final pass...
# ELAB2: Create instances ...
# ELAB2: Create instances complete.
# ELAB2: Elaboration final pass complete - time: 0.0 [s].
# KERNEL: Kernel process initialization done.
# Allocation: Simulator allocated 1779 kB (elbread=1023 elab2=484 kernel=270 sdf=0)
# KERNEL: ASDB file was created in location c:\My_Designs\BOOTH_2\BOOTH_2\src\wave.asdb
#  12:02 AM, Saturday, April 28, 2018
#  Simulation has been initialized
#  Selected Top-Level: booth_tb (tb_architecture)
endsim
#  Simulation has been stopped
acom -work BOOTH_2 -2002  $DSN/src/BOOTH.vhd
# Compile...
# File: c:\My_Designs\BOOTH_2\BOOTH_2\src\BOOTH.vhd
# Compile Entity "BOOTH"
# Compile Architecture "BOOTH" of Entity "BOOTH"
# Compile success 0 Errors 0 Warnings  Analysis time :  78.0 [ms]
# ELBREAD: Elaboration process.
# ELBREAD: Elaboration time 0.0 [s].
asim -advdataflow  booth_tb tb_architecture
# ELBREAD: Elaboration process.
# ELBREAD: Elaboration time 0.0 [s].
# asim: Stack memory: 32MB
# asim: Retval memory: 32MB
# KERNEL: Main thread initiated.
# KERNEL: Kernel process initialization phase.
# KERNEL: Time resolution set to 1ps.
# ELAB2: Elaboration final pass...
# ELAB2: Create instances ...
# ELAB2: Create instances complete.
# ELAB2: Elaboration final pass complete - time: 0.0 [s].
# KERNEL: Kernel process initialization done.
# Allocation: Simulator allocated 1779 kB (elbread=1023 elab2=484 kernel=270 sdf=0)
# KERNEL: ASDB file was created in location c:\My_Designs\BOOTH_2\BOOTH_2\src\wave.asdb
#  12:02 AM, Saturday, April 28, 2018
#  Simulation has been initialized
#  Selected Top-Level: booth_tb (tb_architecture)
# 3 signal(s) traced.
run 100 ns
# KERNEL: stopped at delta: 0 at time 0 ps.
# Stopped at breakpoint in file c:\My_Designs\BOOTH_2\BOOTH_2/src/BOOTH.vhd at line 60.
run 100 ns
# KERNEL: WARNING: There is an 'U'|'X'|'W'|'Z'|'-' in an arithmetic operand, the result will be 'X'(es).
# KERNEL: Time: 0 ps,  Iteration: 0,  Instance: /UUT,  Process: line__46.
# KERNEL: WARNING: There is an 'U'|'X'|'W'|'Z'|'-' in an arithmetic operand, the result will be 'X'(es).
# KERNEL: Time: 0 ps,  Iteration: 0,  Instance: /UUT,  Process: line__46.
# KERNEL: stopped at delta: 0 at time 0 ps.
# Stopped at breakpoint in file c:\My_Designs\BOOTH_2\BOOTH_2/src/BOOTH.vhd at line 60.
run 100 ns
# KERNEL: WARNING: There is an 'U'|'X'|'W'|'Z'|'-' in an arithmetic operand, the result will be 'X'(es).
# KERNEL: Time: 0 ps,  Iteration: 0,  Instance: /UUT,  Process: line__46.
# KERNEL: WARNING: There is an 'U'|'X'|'W'|'Z'|'-' in an arithmetic operand, the result will be 'X'(es).
# KERNEL: Time: 0 ps,  Iteration: 0,  Instance: /UUT,  Process: line__46.
# KERNEL: WARNING: There is an 'U'|'X'|'W'|'Z'|'-' in an arithmetic operand, the result will be 'X'(es).
# KERNEL: Time: 0 ps,  Iteration: 0,  Instance: /UUT,  Process: line__46.
# KERNEL: WARNING: There is an 'U'|'X'|'W'|'Z'|'-' in an arithmetic operand, the result will be 'X'(es).
# KERNEL: Time: 0 ps,  Iteration: 0,  Instance: /UUT,  Process: line__46.
# KERNEL: WARNING: There is an 'U'|'X'|'W'|'Z'|'-' in an arithmetic operand, the result will be 'X'(es).
# KERNEL: Time: 0 ps,  Iteration: 0,  Instance: /UUT,  Process: line__46.
# KERNEL: WARNING: There is an 'U'|'X'|'W'|'Z'|'-' in an arithmetic operand, the result will be 'X'(es).
# KERNEL: Time: 0 ps,  Iteration: 0,  Instance: /UUT,  Process: line__46.
# KERNEL: WARNING: There is an 'U'|'X'|'W'|'Z'|'-' in an arithmetic operand, the result will be 'X'(es).
# KERNEL: Time: 0 ps,  Iteration: 0,  Instance: /UUT,  Process: line__46.
# KERNEL: WARNING: There is an 'U'|'X'|'W'|'Z'|'-' in an arithmetic operand, the result will be 'X'(es).
# KERNEL: Time: 0 ps,  Iteration: 0,  Instance: /UUT,  Process: line__46.
# KERNEL: WARNING: There is an 'U'|'X'|'W'|'Z'|'-' in an arithmetic operand, the result will be 'X'(es).
# KERNEL: Time: 0 ps,  Iteration: 0,  Instance: /UUT,  Process: line__46.
# KERNEL: WARNING: There is an 'U'|'X'|'W'|'Z'|'-' in an arithmetic operand, the result will be 'X'(es).
# KERNEL: Time: 0 ps,  Iteration: 0,  Instance: /UUT,  Process: line__46.
# KERNEL: WARNING: There is an 'U'|'X'|'W'|'Z'|'-' in an arithmetic operand, the result will be 'X'(es).
# KERNEL: Time: 0 ps,  Iteration: 0,  Instance: /UUT,  Process: line__46.
# KERNEL: WARNING: There is an 'U'|'X'|'W'|'Z'|'-' in an arithmetic operand, the result will be 'X'(es).
# KERNEL: Time: 0 ps,  Iteration: 0,  Instance: /UUT,  Process: line__46.
# KERNEL: WARNING: There is an 'U'|'X'|'W'|'Z'|'-' in an arithmetic operand, the result will be 'X'(es).
# KERNEL: Time: 0 ps,  Iteration: 0,  Instance: /UUT,  Process: line__46.
# KERNEL: WARNING: There is an 'U'|'X'|'W'|'Z'|'-' in an arithmetic operand, the result will be 'X'(es).
# KERNEL: Time: 0 ps,  Iteration: 0,  Instance: /UUT,  Process: line__46.
# KERNEL: stopped at time: 100 ns
endsim
#  Simulation has been stopped
asim -advdataflow  booth_tb tb_architecture
# ELBREAD: Elaboration process.
# ELBREAD: Elaboration time 0.0 [s].
# asim: Stack memory: 32MB
# asim: Retval memory: 32MB
# KERNEL: Main thread initiated.
# KERNEL: Kernel process initialization phase.
# KERNEL: Time resolution set to 1ps.
# ELAB2: Elaboration final pass...
# ELAB2: Create instances ...
# ELAB2: Create instances complete.
# ELAB2: Elaboration final pass complete - time: 0.0 [s].
# KERNEL: Kernel process initialization done.
# Allocation: Simulator allocated 1779 kB (elbread=1023 elab2=484 kernel=270 sdf=0)
# KERNEL: ASDB file was created in location c:\My_Designs\BOOTH_2\BOOTH_2\src\wave.asdb
#  12:03 AM, Saturday, April 28, 2018
#  Simulation has been initialized
#  Selected Top-Level: booth_tb (tb_architecture)
step -out
step
step
step
step
step
step
step
step
step
# Stopped at breakpoint in file c:\My_Designs\BOOTH_2\BOOTH_2/src/BOOTH.vhd at line 60.
step
step
step
# KERNEL: WARNING: There is an 'U'|'X'|'W'|'Z'|'-' in an arithmetic operand, the result will be 'X'(es).
# KERNEL: Time: 0 ps,  Iteration: 0,  Instance: /UUT,  Process: line__46.
step
step
# KERNEL: WARNING: There is an 'U'|'X'|'W'|'Z'|'-' in an arithmetic operand, the result will be 'X'(es).
# KERNEL: Time: 0 ps,  Iteration: 0,  Instance: /UUT,  Process: line__46.
step
step
# Stopped at breakpoint in file c:\My_Designs\BOOTH_2\BOOTH_2/src/BOOTH.vhd at line 60.
step
step
step
# KERNEL: WARNING: There is an 'U'|'X'|'W'|'Z'|'-' in an arithmetic operand, the result will be 'X'(es).
# KERNEL: Time: 0 ps,  Iteration: 0,  Instance: /UUT,  Process: line__46.
step
step
# KERNEL: WARNING: There is an 'U'|'X'|'W'|'Z'|'-' in an arithmetic operand, the result will be 'X'(es).
# KERNEL: Time: 0 ps,  Iteration: 0,  Instance: /UUT,  Process: line__46.
step
step
# Stopped at breakpoint in file c:\My_Designs\BOOTH_2\BOOTH_2/src/BOOTH.vhd at line 60.
step
step
step
# KERNEL: WARNING: There is an 'U'|'X'|'W'|'Z'|'-' in an arithmetic operand, the result will be 'X'(es).
# KERNEL: Time: 0 ps,  Iteration: 0,  Instance: /UUT,  Process: line__46.
step
step
# KERNEL: WARNING: There is an 'U'|'X'|'W'|'Z'|'-' in an arithmetic operand, the result will be 'X'(es).
# KERNEL: Time: 0 ps,  Iteration: 0,  Instance: /UUT,  Process: line__46.
step
step
# Stopped at breakpoint in file c:\My_Designs\BOOTH_2\BOOTH_2/src/BOOTH.vhd at line 60.
step
step
step
# KERNEL: WARNING: There is an 'U'|'X'|'W'|'Z'|'-' in an arithmetic operand, the result will be 'X'(es).
# KERNEL: Time: 0 ps,  Iteration: 0,  Instance: /UUT,  Process: line__46.
step
step
# KERNEL: WARNING: There is an 'U'|'X'|'W'|'Z'|'-' in an arithmetic operand, the result will be 'X'(es).
# KERNEL: Time: 0 ps,  Iteration: 0,  Instance: /UUT,  Process: line__46.
step
step
# Stopped at breakpoint in file c:\My_Designs\BOOTH_2\BOOTH_2/src/BOOTH.vhd at line 60.
step
step
step
# KERNEL: WARNING: There is an 'U'|'X'|'W'|'Z'|'-' in an arithmetic operand, the result will be 'X'(es).
# KERNEL: Time: 0 ps,  Iteration: 0,  Instance: /UUT,  Process: line__46.
step
step
# KERNEL: WARNING: There is an 'U'|'X'|'W'|'Z'|'-' in an arithmetic operand, the result will be 'X'(es).
# KERNEL: Time: 0 ps,  Iteration: 0,  Instance: /UUT,  Process: line__46.
step
step
# Stopped at breakpoint in file c:\My_Designs\BOOTH_2\BOOTH_2/src/BOOTH.vhd at line 60.
step
step
step
# KERNEL: WARNING: There is an 'U'|'X'|'W'|'Z'|'-' in an arithmetic operand, the result will be 'X'(es).
# KERNEL: Time: 0 ps,  Iteration: 0,  Instance: /UUT,  Process: line__46.
step
step
# KERNEL: WARNING: There is an 'U'|'X'|'W'|'Z'|'-' in an arithmetic operand, the result will be 'X'(es).
# KERNEL: Time: 0 ps,  Iteration: 0,  Instance: /UUT,  Process: line__46.
step
step
# Stopped at breakpoint in file c:\My_Designs\BOOTH_2\BOOTH_2/src/BOOTH.vhd at line 60.
step
step
step
# KERNEL: WARNING: There is an 'U'|'X'|'W'|'Z'|'-' in an arithmetic operand, the result will be 'X'(es).
# KERNEL: Time: 0 ps,  Iteration: 0,  Instance: /UUT,  Process: line__46.
step
step
# KERNEL: WARNING: There is an 'U'|'X'|'W'|'Z'|'-' in an arithmetic operand, the result will be 'X'(es).
# KERNEL: Time: 0 ps,  Iteration: 0,  Instance: /UUT,  Process: line__46.
step
step
# Stopped at breakpoint in file c:\My_Designs\BOOTH_2\BOOTH_2/src/BOOTH.vhd at line 60.
step
step
step
# KERNEL: WARNING: There is an 'U'|'X'|'W'|'Z'|'-' in an arithmetic operand, the result will be 'X'(es).
# KERNEL: Time: 0 ps,  Iteration: 0,  Instance: /UUT,  Process: line__46.
step
step
# KERNEL: WARNING: There is an 'U'|'X'|'W'|'Z'|'-' in an arithmetic operand, the result will be 'X'(es).
# KERNEL: Time: 0 ps,  Iteration: 0,  Instance: /UUT,  Process: line__46.
step
step
step
step
step
step
step
step
step
# Stopped at breakpoint in file c:\My_Designs\BOOTH_2\BOOTH_2/src/BOOTH.vhd at line 60.
step
step
endsim
#  Simulation has been stopped
acom -work BOOTH_2 -2002  $DSN/src/BOOTH.vhd
# Compile...
# File: c:\My_Designs\BOOTH_2\BOOTH_2\src\BOOTH.vhd
# Compile Entity "BOOTH"
# Compile Architecture "BOOTH" of Entity "BOOTH"
# Compile success 0 Errors 0 Warnings  Analysis time :  94.0 [ms]
asim -advdataflow  booth_tb tb_architecture
# ELBREAD: Elaboration process.
# ELBREAD: Elaboration time 0.0 [s].
# asim: Stack memory: 32MB
# asim: Retval memory: 32MB
# KERNEL: Main thread initiated.
# KERNEL: Kernel process initialization phase.
# KERNEL: Time resolution set to 1ps.
# ELAB2: Elaboration final pass...
# ELAB2: Create instances ...
# ELAB2: Create instances complete.
# ELAB2: Elaboration final pass complete - time: 0.0 [s].
# KERNEL: Kernel process initialization done.
# Allocation: Simulator allocated 1777 kB (elbread=1023 elab2=483 kernel=270 sdf=0)
# KERNEL: ASDB file was created in location c:\My_Designs\BOOTH_2\BOOTH_2\src\wave.asdb
#  12:16 AM, Saturday, April 28, 2018
#  Simulation has been initialized
#  Selected Top-Level: booth_tb (tb_architecture)
# 3 signal(s) traced.
run 100 ns
# KERNEL: WARNING: There is an 'U'|'X'|'W'|'Z'|'-' in an arithmetic operand, the result will be 'X'(es).
# KERNEL: Time: 0 ps,  Iteration: 0,  Instance: /UUT,  Process: line__46.
# KERNEL: WARNING: There is an 'U'|'X'|'W'|'Z'|'-' in an arithmetic operand, the result will be 'X'(es).
# KERNEL: Time: 0 ps,  Iteration: 0,  Instance: /UUT,  Process: line__46.
# KERNEL: WARNING: There is an 'U'|'X'|'W'|'Z'|'-' in an arithmetic operand, the result will be 'X'(es).
# KERNEL: Time: 0 ps,  Iteration: 0,  Instance: /UUT,  Process: line__46.
# KERNEL: WARNING: There is an 'U'|'X'|'W'|'Z'|'-' in an arithmetic operand, the result will be 'X'(es).
# KERNEL: Time: 0 ps,  Iteration: 0,  Instance: /UUT,  Process: line__46.
# KERNEL: WARNING: There is an 'U'|'X'|'W'|'Z'|'-' in an arithmetic operand, the result will be 'X'(es).
# KERNEL: Time: 0 ps,  Iteration: 0,  Instance: /UUT,  Process: line__46.
# KERNEL: WARNING: There is an 'U'|'X'|'W'|'Z'|'-' in an arithmetic operand, the result will be 'X'(es).
# KERNEL: Time: 0 ps,  Iteration: 0,  Instance: /UUT,  Process: line__46.
# KERNEL: WARNING: There is an 'U'|'X'|'W'|'Z'|'-' in an arithmetic operand, the result will be 'X'(es).
# KERNEL: Time: 0 ps,  Iteration: 0,  Instance: /UUT,  Process: line__46.
# KERNEL: WARNING: There is an 'U'|'X'|'W'|'Z'|'-' in an arithmetic operand, the result will be 'X'(es).
# KERNEL: Time: 0 ps,  Iteration: 0,  Instance: /UUT,  Process: line__46.
# KERNEL: WARNING: There is an 'U'|'X'|'W'|'Z'|'-' in an arithmetic operand, the result will be 'X'(es).
# KERNEL: Time: 0 ps,  Iteration: 0,  Instance: /UUT,  Process: line__46.
# KERNEL: WARNING: There is an 'U'|'X'|'W'|'Z'|'-' in an arithmetic operand, the result will be 'X'(es).
# KERNEL: Time: 0 ps,  Iteration: 0,  Instance: /UUT,  Process: line__46.
# KERNEL: WARNING: There is an 'U'|'X'|'W'|'Z'|'-' in an arithmetic operand, the result will be 'X'(es).
# KERNEL: Time: 0 ps,  Iteration: 0,  Instance: /UUT,  Process: line__46.
# KERNEL: WARNING: There is an 'U'|'X'|'W'|'Z'|'-' in an arithmetic operand, the result will be 'X'(es).
# KERNEL: Time: 0 ps,  Iteration: 0,  Instance: /UUT,  Process: line__46.
# KERNEL: WARNING: There is an 'U'|'X'|'W'|'Z'|'-' in an arithmetic operand, the result will be 'X'(es).
# KERNEL: Time: 0 ps,  Iteration: 0,  Instance: /UUT,  Process: line__46.
# KERNEL: WARNING: There is an 'U'|'X'|'W'|'Z'|'-' in an arithmetic operand, the result will be 'X'(es).
# KERNEL: Time: 0 ps,  Iteration: 0,  Instance: /UUT,  Process: line__46.
# KERNEL: WARNING: There is an 'U'|'X'|'W'|'Z'|'-' in an arithmetic operand, the result will be 'X'(es).
# KERNEL: Time: 0 ps,  Iteration: 0,  Instance: /UUT,  Process: line__46.
# KERNEL: WARNING: There is an 'U'|'X'|'W'|'Z'|'-' in an arithmetic operand, the result will be 'X'(es).
# KERNEL: Time: 0 ps,  Iteration: 0,  Instance: /UUT,  Process: line__46.
# KERNEL: stopped at time: 100 ns
acom -work BOOTH_2 -2002  $DSN/src/TestBench/booth_TB.vhd
# Compile...
# File: c:\My_Designs\BOOTH_2\BOOTH_2\src\TestBench\booth_TB.vhd
# Compile Entity "booth_tb"
# Compile Architecture "TB_ARCHITECTURE" of Entity "booth_tb"
# Compile Configuration "TESTBENCH_FOR_booth"
# Compile success 0 Errors 0 Warnings  Analysis time :  93.0 [ms]
endsim
#  Simulation has been stopped
asim -advdataflow  booth_tb tb_architecture
# ELBREAD: Elaboration process.
# ELBREAD: Elaboration time 0.0 [s].
# asim: Stack memory: 32MB
# asim: Retval memory: 32MB
# KERNEL: Main thread initiated.
# KERNEL: Kernel process initialization phase.
# KERNEL: Time resolution set to 1ps.
# ELAB2: Elaboration final pass...
# ELAB2: Create instances ...
# ELAB2: Create instances complete.
# ELAB2: Elaboration final pass complete - time: 0.0 [s].
# KERNEL: Kernel process initialization done.
# Allocation: Simulator allocated 1778 kB (elbread=1023 elab2=484 kernel=270 sdf=0)
# KERNEL: ASDB file was created in location c:\My_Designs\BOOTH_2\BOOTH_2\src\wave.asdb
#  12:17 AM, Saturday, April 28, 2018
#  Simulation has been initialized
#  Selected Top-Level: booth_tb (tb_architecture)
# 3 signal(s) traced.
run 100 ns
# KERNEL: WARNING: There is an 'U'|'X'|'W'|'Z'|'-' in an arithmetic operand, the result will be 'X'(es).
# KERNEL: Time: 0 ps,  Iteration: 0,  Instance: /UUT,  Process: line__46.
# KERNEL: WARNING: There is an 'U'|'X'|'W'|'Z'|'-' in an arithmetic operand, the result will be 'X'(es).
# KERNEL: Time: 0 ps,  Iteration: 0,  Instance: /UUT,  Process: line__46.
# KERNEL: WARNING: There is an 'U'|'X'|'W'|'Z'|'-' in an arithmetic operand, the result will be 'X'(es).
# KERNEL: Time: 0 ps,  Iteration: 0,  Instance: /UUT,  Process: line__46.
# KERNEL: WARNING: There is an 'U'|'X'|'W'|'Z'|'-' in an arithmetic operand, the result will be 'X'(es).
# KERNEL: Time: 0 ps,  Iteration: 0,  Instance: /UUT,  Process: line__46.
# KERNEL: WARNING: There is an 'U'|'X'|'W'|'Z'|'-' in an arithmetic operand, the result will be 'X'(es).
# KERNEL: Time: 0 ps,  Iteration: 0,  Instance: /UUT,  Process: line__46.
# KERNEL: WARNING: There is an 'U'|'X'|'W'|'Z'|'-' in an arithmetic operand, the result will be 'X'(es).
# KERNEL: Time: 0 ps,  Iteration: 0,  Instance: /UUT,  Process: line__46.
# KERNEL: WARNING: There is an 'U'|'X'|'W'|'Z'|'-' in an arithmetic operand, the result will be 'X'(es).
# KERNEL: Time: 0 ps,  Iteration: 0,  Instance: /UUT,  Process: line__46.
# KERNEL: WARNING: There is an 'U'|'X'|'W'|'Z'|'-' in an arithmetic operand, the result will be 'X'(es).
# KERNEL: Time: 0 ps,  Iteration: 0,  Instance: /UUT,  Process: line__46.
# KERNEL: WARNING: There is an 'U'|'X'|'W'|'Z'|'-' in an arithmetic operand, the result will be 'X'(es).
# KERNEL: Time: 0 ps,  Iteration: 0,  Instance: /UUT,  Process: line__46.
# KERNEL: WARNING: There is an 'U'|'X'|'W'|'Z'|'-' in an arithmetic operand, the result will be 'X'(es).
# KERNEL: Time: 0 ps,  Iteration: 0,  Instance: /UUT,  Process: line__46.
# KERNEL: WARNING: There is an 'U'|'X'|'W'|'Z'|'-' in an arithmetic operand, the result will be 'X'(es).
# KERNEL: Time: 0 ps,  Iteration: 0,  Instance: /UUT,  Process: line__46.
# KERNEL: WARNING: There is an 'U'|'X'|'W'|'Z'|'-' in an arithmetic operand, the result will be 'X'(es).
# KERNEL: Time: 0 ps,  Iteration: 0,  Instance: /UUT,  Process: line__46.
# KERNEL: WARNING: There is an 'U'|'X'|'W'|'Z'|'-' in an arithmetic operand, the result will be 'X'(es).
# KERNEL: Time: 0 ps,  Iteration: 0,  Instance: /UUT,  Process: line__46.
# KERNEL: WARNING: There is an 'U'|'X'|'W'|'Z'|'-' in an arithmetic operand, the result will be 'X'(es).
# KERNEL: Time: 0 ps,  Iteration: 0,  Instance: /UUT,  Process: line__46.
# KERNEL: WARNING: There is an 'U'|'X'|'W'|'Z'|'-' in an arithmetic operand, the result will be 'X'(es).
# KERNEL: Time: 0 ps,  Iteration: 0,  Instance: /UUT,  Process: line__46.
# KERNEL: WARNING: There is an 'U'|'X'|'W'|'Z'|'-' in an arithmetic operand, the result will be 'X'(es).
# KERNEL: Time: 0 ps,  Iteration: 0,  Instance: /UUT,  Process: line__46.
# KERNEL: stopped at time: 100 ns
endsim
#  Simulation has been stopped
asim -advdataflow  booth_tb tb_architecture
# ELBREAD: Elaboration process.
# ELBREAD: Elaboration time 0.0 [s].
# asim: Stack memory: 32MB
# asim: Retval memory: 32MB
acom -work BOOTH_2 -2002  $DSN/src/BOOTH.vhd
# Compile...
# File: c:\My_Designs\BOOTH_2\BOOTH_2\src\BOOTH.vhd
# Compile Entity "BOOTH"
# Compile Architecture "BOOTH" of Entity "BOOTH"
# Compile success 0 Errors 0 Warnings  Analysis time :  78.0 [ms]
# ELBREAD: Elaboration process.
# ELBREAD: Elaboration time 0.0 [s].
# KERNEL: Main thread initiated.
# KERNEL: Kernel process initialization phase.
# KERNEL: Time resolution set to 1ps.
# ELAB2: Elaboration final pass...
# ELAB2: Create instances ...
# ELAB2: Create instances complete.
# ELAB2: Elaboration final pass complete - time: 0.0 [s].
# KERNEL: Kernel process initialization done.
# Allocation: Simulator allocated 1778 kB (elbread=1023 elab2=484 kernel=270 sdf=0)
# KERNEL: ASDB file was created in location c:\My_Designs\BOOTH_2\BOOTH_2\src\wave.asdb
#  12:19 AM, Saturday, April 28, 2018
#  Simulation has been initialized
#  Selected Top-Level: booth_tb (tb_architecture)
# 3 signal(s) traced.
run 100 ns
# KERNEL: WARNING: There is an 'U'|'X'|'W'|'Z'|'-' in an arithmetic operand, the result will be 'X'(es).
# KERNEL: Time: 0 ps,  Iteration: 0,  Instance: /UUT,  Process: line__46.
# KERNEL: WARNING: There is an 'U'|'X'|'W'|'Z'|'-' in an arithmetic operand, the result will be 'X'(es).
# KERNEL: Time: 0 ps,  Iteration: 0,  Instance: /UUT,  Process: line__46.
# KERNEL: WARNING: There is an 'U'|'X'|'W'|'Z'|'-' in an arithmetic operand, the result will be 'X'(es).
# KERNEL: Time: 0 ps,  Iteration: 0,  Instance: /UUT,  Process: line__46.
# KERNEL: WARNING: There is an 'U'|'X'|'W'|'Z'|'-' in an arithmetic operand, the result will be 'X'(es).
# KERNEL: Time: 0 ps,  Iteration: 0,  Instance: /UUT,  Process: line__46.
# KERNEL: WARNING: There is an 'U'|'X'|'W'|'Z'|'-' in an arithmetic operand, the result will be 'X'(es).
# KERNEL: Time: 0 ps,  Iteration: 0,  Instance: /UUT,  Process: line__46.
# KERNEL: WARNING: There is an 'U'|'X'|'W'|'Z'|'-' in an arithmetic operand, the result will be 'X'(es).
# KERNEL: Time: 0 ps,  Iteration: 0,  Instance: /UUT,  Process: line__46.
# KERNEL: WARNING: There is an 'U'|'X'|'W'|'Z'|'-' in an arithmetic operand, the result will be 'X'(es).
# KERNEL: Time: 0 ps,  Iteration: 0,  Instance: /UUT,  Process: line__46.
# KERNEL: WARNING: There is an 'U'|'X'|'W'|'Z'|'-' in an arithmetic operand, the result will be 'X'(es).
# KERNEL: Time: 0 ps,  Iteration: 0,  Instance: /UUT,  Process: line__46.
# KERNEL: WARNING: There is an 'U'|'X'|'W'|'Z'|'-' in an arithmetic operand, the result will be 'X'(es).
# KERNEL: Time: 0 ps,  Iteration: 0,  Instance: /UUT,  Process: line__46.
# KERNEL: WARNING: There is an 'U'|'X'|'W'|'Z'|'-' in an arithmetic operand, the result will be 'X'(es).
# KERNEL: Time: 0 ps,  Iteration: 0,  Instance: /UUT,  Process: line__46.
# KERNEL: WARNING: There is an 'U'|'X'|'W'|'Z'|'-' in an arithmetic operand, the result will be 'X'(es).
# KERNEL: Time: 0 ps,  Iteration: 0,  Instance: /UUT,  Process: line__46.
# KERNEL: WARNING: There is an 'U'|'X'|'W'|'Z'|'-' in an arithmetic operand, the result will be 'X'(es).
# KERNEL: Time: 0 ps,  Iteration: 0,  Instance: /UUT,  Process: line__46.
# KERNEL: WARNING: There is an 'U'|'X'|'W'|'Z'|'-' in an arithmetic operand, the result will be 'X'(es).
# KERNEL: Time: 0 ps,  Iteration: 0,  Instance: /UUT,  Process: line__46.
# KERNEL: WARNING: There is an 'U'|'X'|'W'|'Z'|'-' in an arithmetic operand, the result will be 'X'(es).
# KERNEL: Time: 0 ps,  Iteration: 0,  Instance: /UUT,  Process: line__46.
# KERNEL: WARNING: There is an 'U'|'X'|'W'|'Z'|'-' in an arithmetic operand, the result will be 'X'(es).
# KERNEL: Time: 0 ps,  Iteration: 0,  Instance: /UUT,  Process: line__46.
# KERNEL: WARNING: There is an 'U'|'X'|'W'|'Z'|'-' in an arithmetic operand, the result will be 'X'(es).
# KERNEL: Time: 0 ps,  Iteration: 0,  Instance: /UUT,  Process: line__46.
# KERNEL: stopped at time: 100 ns
endsim
#  Simulation has been stopped
asim -advdataflow  booth_tb tb_architecture
# ELBREAD: Elaboration process.
# ELBREAD: Elaboration time 0.0 [s].
# asim: Stack memory: 32MB
# asim: Retval memory: 32MB
# KERNEL: Main thread initiated.
# KERNEL: Kernel process initialization phase.
# KERNEL: Time resolution set to 1ps.
# ELAB2: Elaboration final pass...
# ELAB2: Create instances ...
# ELAB2: Create instances complete.
# ELAB2: Elaboration final pass complete - time: 0.0 [s].
# KERNEL: Kernel process initialization done.
# Allocation: Simulator allocated 1778 kB (elbread=1023 elab2=484 kernel=270 sdf=0)
# KERNEL: ASDB file was created in location c:\My_Designs\BOOTH_2\BOOTH_2\src\wave.asdb
#  12:19 AM, Saturday, April 28, 2018
#  Simulation has been initialized
#  Selected Top-Level: booth_tb (tb_architecture)
step
step
step
step
step
step
step
step
step
step
# Stopped at breakpoint in file c:\My_Designs\BOOTH_2\BOOTH_2/src/BOOTH.vhd at line 60.
step
step
step
# KERNEL: WARNING: There is an 'U'|'X'|'W'|'Z'|'-' in an arithmetic operand, the result will be 'X'(es).
# KERNEL: Time: 0 ps,  Iteration: 0,  Instance: /UUT,  Process: line__46.
step
step
# KERNEL: WARNING: There is an 'U'|'X'|'W'|'Z'|'-' in an arithmetic operand, the result will be 'X'(es).
# KERNEL: Time: 0 ps,  Iteration: 0,  Instance: /UUT,  Process: line__46.
step
step
# Stopped at breakpoint in file c:\My_Designs\BOOTH_2\BOOTH_2/src/BOOTH.vhd at line 60.
step
step
step
# KERNEL: WARNING: There is an 'U'|'X'|'W'|'Z'|'-' in an arithmetic operand, the result will be 'X'(es).
# KERNEL: Time: 0 ps,  Iteration: 0,  Instance: /UUT,  Process: line__46.
step
step
# KERNEL: WARNING: There is an 'U'|'X'|'W'|'Z'|'-' in an arithmetic operand, the result will be 'X'(es).
# KERNEL: Time: 0 ps,  Iteration: 0,  Instance: /UUT,  Process: line__46.
step
step
# Stopped at breakpoint in file c:\My_Designs\BOOTH_2\BOOTH_2/src/BOOTH.vhd at line 60.
step
step
step
# KERNEL: WARNING: There is an 'U'|'X'|'W'|'Z'|'-' in an arithmetic operand, the result will be 'X'(es).
# KERNEL: Time: 0 ps,  Iteration: 0,  Instance: /UUT,  Process: line__46.
step
step
# KERNEL: WARNING: There is an 'U'|'X'|'W'|'Z'|'-' in an arithmetic operand, the result will be 'X'(es).
# KERNEL: Time: 0 ps,  Iteration: 0,  Instance: /UUT,  Process: line__46.
step
step
# Stopped at breakpoint in file c:\My_Designs\BOOTH_2\BOOTH_2/src/BOOTH.vhd at line 60.
step
step
step
# KERNEL: WARNING: There is an 'U'|'X'|'W'|'Z'|'-' in an arithmetic operand, the result will be 'X'(es).
# KERNEL: Time: 0 ps,  Iteration: 0,  Instance: /UUT,  Process: line__46.
step
step
# KERNEL: WARNING: There is an 'U'|'X'|'W'|'Z'|'-' in an arithmetic operand, the result will be 'X'(es).
# KERNEL: Time: 0 ps,  Iteration: 0,  Instance: /UUT,  Process: line__46.
step
step
# Stopped at breakpoint in file c:\My_Designs\BOOTH_2\BOOTH_2/src/BOOTH.vhd at line 60.
step
step
step
# KERNEL: WARNING: There is an 'U'|'X'|'W'|'Z'|'-' in an arithmetic operand, the result will be 'X'(es).
# KERNEL: Time: 0 ps,  Iteration: 0,  Instance: /UUT,  Process: line__46.
step
step
# KERNEL: WARNING: There is an 'U'|'X'|'W'|'Z'|'-' in an arithmetic operand, the result will be 'X'(es).
# KERNEL: Time: 0 ps,  Iteration: 0,  Instance: /UUT,  Process: line__46.
step
step
# Stopped at breakpoint in file c:\My_Designs\BOOTH_2\BOOTH_2/src/BOOTH.vhd at line 60.
step
step
step
# KERNEL: WARNING: There is an 'U'|'X'|'W'|'Z'|'-' in an arithmetic operand, the result will be 'X'(es).
# KERNEL: Time: 0 ps,  Iteration: 0,  Instance: /UUT,  Process: line__46.
step
step
# KERNEL: WARNING: There is an 'U'|'X'|'W'|'Z'|'-' in an arithmetic operand, the result will be 'X'(es).
# KERNEL: Time: 0 ps,  Iteration: 0,  Instance: /UUT,  Process: line__46.
step
step
# Stopped at breakpoint in file c:\My_Designs\BOOTH_2\BOOTH_2/src/BOOTH.vhd at line 60.
step
step
step
# KERNEL: WARNING: There is an 'U'|'X'|'W'|'Z'|'-' in an arithmetic operand, the result will be 'X'(es).
# KERNEL: Time: 0 ps,  Iteration: 0,  Instance: /UUT,  Process: line__46.
step
step
# KERNEL: WARNING: There is an 'U'|'X'|'W'|'Z'|'-' in an arithmetic operand, the result will be 'X'(es).
# KERNEL: Time: 0 ps,  Iteration: 0,  Instance: /UUT,  Process: line__46.
step
step
# Stopped at breakpoint in file c:\My_Designs\BOOTH_2\BOOTH_2/src/BOOTH.vhd at line 60.
step
step
step
# KERNEL: WARNING: There is an 'U'|'X'|'W'|'Z'|'-' in an arithmetic operand, the result will be 'X'(es).
# KERNEL: Time: 0 ps,  Iteration: 0,  Instance: /UUT,  Process: line__46.
step
step
# KERNEL: WARNING: There is an 'U'|'X'|'W'|'Z'|'-' in an arithmetic operand, the result will be 'X'(es).
# KERNEL: Time: 0 ps,  Iteration: 0,  Instance: /UUT,  Process: line__46.
step
step
step
step
step
step
step
step
step
# Stopped at breakpoint in file c:\My_Designs\BOOTH_2\BOOTH_2/src/BOOTH.vhd at line 60.
step
endsim
#  Simulation has been stopped
acom -work BOOTH_2 -2002  $DSN/src/BOOTH.vhd
# Compile...
# File: c:\My_Designs\BOOTH_2\BOOTH_2\src\BOOTH.vhd
# Compile Entity "BOOTH"
# Compile Architecture "BOOTH" of Entity "BOOTH"
# Error: COMP96_0029: BOOTH.vhd : (67, 20): Expression expected.
# Compile failure 1 Errors 0 Warnings  Analysis time :  16.0 [ms]
acom -work BOOTH_2 -2002  $DSN/src/BOOTH.vhd
# Compile...
# File: c:\My_Designs\BOOTH_2\BOOTH_2\src\BOOTH.vhd
# Compile Entity "BOOTH"
# Compile Architecture "BOOTH" of Entity "BOOTH"
# Error: COMP96_0015: BOOTH.vhd : (68, 4): ';' expected.
# Compile failure 1 Errors 0 Warnings  Analysis time :  16.0 [ms]
acom -work BOOTH_2 -2002  $DSN/src/BOOTH.vhd
# Compile...
# File: c:\My_Designs\BOOTH_2\BOOTH_2\src\BOOTH.vhd
# Compile Entity "BOOTH"
# Compile Architecture "BOOTH" of Entity "BOOTH"
# Error: COMP96_0071: BOOTH.vhd : (67, 13): Operator "-" is not defined for such operands.
# Error: COMP96_0104: BOOTH.vhd : (67, 13): Undefined type of expression.
# Compile failure 2 Errors 0 Warnings  Analysis time :  31.0 [ms]
acom -work BOOTH_2 -2002  $DSN/src/BOOTH.vhd
# Compile...
# File: c:\My_Designs\BOOTH_2\BOOTH_2\src\BOOTH.vhd
# Compile Entity "BOOTH"
# Compile Architecture "BOOTH" of Entity "BOOTH"
# Compile success 0 Errors 0 Warnings  Analysis time :  94.0 [ms]
asim -advdataflow  booth_tb tb_architecture
# ELBREAD: Elaboration process.
# ELBREAD: Elaboration time 0.0 [s].
# asim: Stack memory: 32MB
# asim: Retval memory: 32MB
# KERNEL: Main thread initiated.
# KERNEL: Kernel process initialization phase.
# KERNEL: Time resolution set to 1ps.
# ELAB2: Elaboration final pass...
# ELAB2: Create instances ...
# ELAB2: Create instances complete.
# ELAB2: Elaboration final pass complete - time: 0.0 [s].
# KERNEL: Kernel process initialization done.
# Allocation: Simulator allocated 1779 kB (elbread=1023 elab2=485 kernel=270 sdf=0)
# KERNEL: ASDB file was created in location c:\My_Designs\BOOTH_2\BOOTH_2\src\wave.asdb
#  12:25 AM, Saturday, April 28, 2018
#  Simulation has been initialized
#  Selected Top-Level: booth_tb (tb_architecture)
# 3 signal(s) traced.
run 100 ns
# KERNEL: WARNING: There is an 'U'|'X'|'W'|'Z'|'-' in an arithmetic operand, the result will be 'X'(es).
# KERNEL: Time: 0 ps,  Iteration: 0,  Instance: /UUT,  Process: line__46.
# KERNEL: WARNING: There is an 'U'|'X'|'W'|'Z'|'-' in an arithmetic operand, the result will be 'X'(es).
# KERNEL: Time: 0 ps,  Iteration: 0,  Instance: /UUT,  Process: line__46.
# KERNEL: WARNING: There is an 'U'|'X'|'W'|'Z'|'-' in an arithmetic operand, the result will be 'X'(es).
# KERNEL: Time: 0 ps,  Iteration: 0,  Instance: /UUT,  Process: line__46.
# KERNEL: WARNING: There is an 'U'|'X'|'W'|'Z'|'-' in an arithmetic operand, the result will be 'X'(es).
# KERNEL: Time: 0 ps,  Iteration: 0,  Instance: /UUT,  Process: line__46.
# KERNEL: WARNING: There is an 'U'|'X'|'W'|'Z'|'-' in an arithmetic operand, the result will be 'X'(es).
# KERNEL: Time: 0 ps,  Iteration: 0,  Instance: /UUT,  Process: line__46.
# KERNEL: WARNING: There is an 'U'|'X'|'W'|'Z'|'-' in an arithmetic operand, the result will be 'X'(es).
# KERNEL: Time: 0 ps,  Iteration: 0,  Instance: /UUT,  Process: line__46.
# KERNEL: WARNING: There is an 'U'|'X'|'W'|'Z'|'-' in an arithmetic operand, the result will be 'X'(es).
# KERNEL: Time: 0 ps,  Iteration: 0,  Instance: /UUT,  Process: line__46.
# KERNEL: WARNING: There is an 'U'|'X'|'W'|'Z'|'-' in an arithmetic operand, the result will be 'X'(es).
# KERNEL: Time: 0 ps,  Iteration: 0,  Instance: /UUT,  Process: line__46.
# KERNEL: WARNING: There is an 'U'|'X'|'W'|'Z'|'-' in an arithmetic operand, the result will be 'X'(es).
# KERNEL: Time: 0 ps,  Iteration: 0,  Instance: /UUT,  Process: line__46.
# KERNEL: WARNING: There is an 'U'|'X'|'W'|'Z'|'-' in an arithmetic operand, the result will be 'X'(es).
# KERNEL: Time: 0 ps,  Iteration: 0,  Instance: /UUT,  Process: line__46.
# KERNEL: WARNING: There is an 'U'|'X'|'W'|'Z'|'-' in an arithmetic operand, the result will be 'X'(es).
# KERNEL: Time: 0 ps,  Iteration: 0,  Instance: /UUT,  Process: line__46.
# KERNEL: WARNING: There is an 'U'|'X'|'W'|'Z'|'-' in an arithmetic operand, the result will be 'X'(es).
# KERNEL: Time: 0 ps,  Iteration: 0,  Instance: /UUT,  Process: line__46.
# KERNEL: WARNING: There is an 'U'|'X'|'W'|'Z'|'-' in an arithmetic operand, the result will be 'X'(es).
# KERNEL: Time: 0 ps,  Iteration: 0,  Instance: /UUT,  Process: line__46.
# KERNEL: WARNING: There is an 'U'|'X'|'W'|'Z'|'-' in an arithmetic operand, the result will be 'X'(es).
# KERNEL: Time: 0 ps,  Iteration: 0,  Instance: /UUT,  Process: line__46.
# KERNEL: WARNING: There is an 'U'|'X'|'W'|'Z'|'-' in an arithmetic operand, the result will be 'X'(es).
# KERNEL: Time: 0 ps,  Iteration: 0,  Instance: /UUT,  Process: line__46.
# KERNEL: WARNING: There is an 'U'|'X'|'W'|'Z'|'-' in an arithmetic operand, the result will be 'X'(es).
# KERNEL: Time: 0 ps,  Iteration: 0,  Instance: /UUT,  Process: line__46.
# KERNEL: stopped at time: 100 ns
endsim
#  Simulation has been stopped
acom -work BOOTH_2 -2002  $DSN/src/BOOTH.vhd
# Compile...
# File: c:\My_Designs\BOOTH_2\BOOTH_2\src\BOOTH.vhd
# Compile Entity "BOOTH"
# Compile Architecture "BOOTH" of Entity "BOOTH"
# Compile success 0 Errors 0 Warnings  Analysis time :  94.0 [ms]
asim -advdataflow  booth_tb tb_architecture
# ELBREAD: Elaboration process.
# ELBREAD: Error: The contents of entity 'booth_2.booth' instantiated in architecture 'tb_architecture:booth_tb' differ from the contents available during the compilation of this architecture.
# ELBREAD: Error: Elaboration process completed with errors.
# Design: Error: Elaboration failed
# Error: asim: cannot select specified top-level
# ELBREAD: Elaboration process.
# ELBREAD: Error: The contents of entity 'booth_2.booth' instantiated in architecture 'tb_architecture:booth_tb' differ from the contents available during the compilation of this architecture.
# ELBREAD: Error: Elaboration process completed with errors.
# Design: Error: Elaboration failed
# ELBREAD: Elaboration process.
# ELBREAD: Error: The contents of entity 'booth_2.booth' instantiated in architecture 'tb_architecture:booth_tb' differ from the contents available during the compilation of this architecture.
# ELBREAD: Error: Elaboration process completed with errors.
# Design: Error: Elaboration failed
acom -work BOOTH_2 -2002  $DSN/src/booth.vhd $DSN/src/testbench/booth_tb.vhd
# Compile...
# File: c:\My_Designs\BOOTH_2\BOOTH_2\src\booth.vhd
# Compile Entity "BOOTH"
# Compile Architecture "BOOTH" of Entity "BOOTH"
# File: c:\My_Designs\BOOTH_2\BOOTH_2\src\testbench\booth_tb.vhd
# Compile Entity "booth_tb"
# Compile Architecture "TB_ARCHITECTURE" of Entity "booth_tb"
# Error: ELAB1_0021: booth_tb.vhd : (31, 0): Types do not match for port "A".
# Error: ELAB1_0021: booth_tb.vhd : (31, 0): Types do not match for port "B".
# Error: ELAB1_0021: booth_tb.vhd : (31, 0): Types do not match for port "C".
# Compile Configuration "TESTBENCH_FOR_booth"
# Error: COMP96_0134: booth_tb.vhd : (56, 13): Cannot find component declaration.
# Compile failure 4 Errors 0 Warnings  Analysis time :  0.1 [s]
acom -work BOOTH_2 -2002  $DSN/src/TestBench/booth_TB.vhd
# Compile...
# File: c:\My_Designs\BOOTH_2\BOOTH_2\src\TestBench\booth_TB.vhd
# Compile Entity "booth_tb"
# Compile Architecture "TB_ARCHITECTURE" of Entity "booth_tb"
# Compile Configuration "TESTBENCH_FOR_booth"
# Compile success 0 Errors 0 Warnings  Analysis time :  0.1 [s]
# ELBREAD: Elaboration process.
# ELBREAD: Elaboration time 0.0 [s].
asim -advdataflow  booth_tb tb_architecture
# ELBREAD: Elaboration process.
# ELBREAD: Elaboration time 0.0 [s].
# asim: Stack memory: 32MB
# asim: Retval memory: 32MB
# KERNEL: Main thread initiated.
# KERNEL: Kernel process initialization phase.
# KERNEL: Time resolution set to 1ps.
# ELAB2: Elaboration final pass...
# ELAB2: Create instances ...
# ELAB2: Create instances complete.
# ELAB2: Elaboration final pass complete - time: 0.0 [s].
# KERNEL: Kernel process initialization done.
# Allocation: Simulator allocated 1779 kB (elbread=1023 elab2=485 kernel=270 sdf=0)
# KERNEL: ASDB file was created in location c:\My_Designs\BOOTH_2\BOOTH_2\src\wave.asdb
#  12:34 AM, Saturday, April 28, 2018
#  Simulation has been initialized
#  Selected Top-Level: booth_tb (tb_architecture)
# 3 signal(s) traced.
run 100 ns
# KERNEL: WARNING: NUMERIC_STD."=": metavalue detected, returning FALSE
# KERNEL: Time: 0 ps,  Iteration: 0,  Instance: /UUT,  Process: line__46.
# KERNEL: WARNING: NUMERIC_STD."=": metavalue detected, returning FALSE
# KERNEL: Time: 0 ps,  Iteration: 0,  Instance: /UUT,  Process: line__46.
# KERNEL: WARNING: NUMERIC_STD."=": metavalue detected, returning FALSE
# KERNEL: Time: 0 ps,  Iteration: 0,  Instance: /UUT,  Process: line__46.
# KERNEL: WARNING: NUMERIC_STD."=": metavalue detected, returning FALSE
# KERNEL: Time: 0 ps,  Iteration: 0,  Instance: /UUT,  Process: line__46.
# KERNEL: WARNING: NUMERIC_STD."=": metavalue detected, returning FALSE
# KERNEL: Time: 0 ps,  Iteration: 0,  Instance: /UUT,  Process: line__46.
# KERNEL: WARNING: NUMERIC_STD."=": metavalue detected, returning FALSE
# KERNEL: Time: 0 ps,  Iteration: 0,  Instance: /UUT,  Process: line__46.
# KERNEL: WARNING: NUMERIC_STD."=": metavalue detected, returning FALSE
# KERNEL: Time: 0 ps,  Iteration: 0,  Instance: /UUT,  Process: line__46.
# KERNEL: WARNING: NUMERIC_STD."=": metavalue detected, returning FALSE
# KERNEL: Time: 0 ps,  Iteration: 0,  Instance: /UUT,  Process: line__46.
# KERNEL: WARNING: NUMERIC_STD."=": metavalue detected, returning FALSE
# KERNEL: Time: 0 ps,  Iteration: 0,  Instance: /UUT,  Process: line__46.
# KERNEL: WARNING: NUMERIC_STD."=": metavalue detected, returning FALSE
# KERNEL: Time: 0 ps,  Iteration: 0,  Instance: /UUT,  Process: line__46.
# KERNEL: WARNING: NUMERIC_STD."=": metavalue detected, returning FALSE
# KERNEL: Time: 0 ps,  Iteration: 0,  Instance: /UUT,  Process: line__46.
# KERNEL: WARNING: NUMERIC_STD."=": metavalue detected, returning FALSE
# KERNEL: Time: 0 ps,  Iteration: 0,  Instance: /UUT,  Process: line__46.
# KERNEL: WARNING: NUMERIC_STD."=": metavalue detected, returning FALSE
# KERNEL: Time: 0 ps,  Iteration: 0,  Instance: /UUT,  Process: line__46.
# KERNEL: WARNING: NUMERIC_STD."=": metavalue detected, returning FALSE
# KERNEL: Time: 0 ps,  Iteration: 0,  Instance: /UUT,  Process: line__46.
# KERNEL: WARNING: NUMERIC_STD."=": metavalue detected, returning FALSE
# KERNEL: Time: 0 ps,  Iteration: 0,  Instance: /UUT,  Process: line__46.
# KERNEL: WARNING: NUMERIC_STD."=": metavalue detected, returning FALSE
# KERNEL: Time: 0 ps,  Iteration: 0,  Instance: /UUT,  Process: line__46.
# KERNEL: stopped at time: 100 ns
step -out
step
step
step
step
step
step
step
step
step
# Stopped at breakpoint in file c:\My_Designs\BOOTH_2\BOOTH_2/src/BOOTH.vhd at line 60.
step
step
step
endsim
#  Simulation has been stopped
acom -work BOOTH_2 -2002  $DSN/src/BOOTH.vhd
# Compile...
# File: c:\My_Designs\BOOTH_2\BOOTH_2\src\BOOTH.vhd
# Compile Entity "BOOTH"
# Compile Architecture "BOOTH" of Entity "BOOTH"
# Compile success 0 Errors 0 Warnings  Analysis time :  0.1 [s]
asim -advdataflow  booth_tb tb_architecture
# ELBREAD: Elaboration process.
# ELBREAD: Elaboration time 0.0 [s].
# asim: Stack memory: 32MB
# asim: Retval memory: 32MB
# KERNEL: Main thread initiated.
# KERNEL: Kernel process initialization phase.
# KERNEL: Time resolution set to 1ps.
# ELAB2: Elaboration final pass...
# ELAB2: Create instances ...
# ELAB2: Create instances complete.
# ELAB2: Elaboration final pass complete - time: 0.0 [s].
# KERNEL: Kernel process initialization done.
# Allocation: Simulator allocated 1779 kB (elbread=1023 elab2=485 kernel=270 sdf=0)
# KERNEL: ASDB file was created in location c:\My_Designs\BOOTH_2\BOOTH_2\src\wave.asdb
#  12:37 AM, Saturday, April 28, 2018
#  Simulation has been initialized
#  Selected Top-Level: booth_tb (tb_architecture)
# 3 signal(s) traced.
run 100 ns
# KERNEL: WARNING: NUMERIC_STD."=": metavalue detected, returning FALSE
# KERNEL: Time: 0 ps,  Iteration: 0,  Instance: /UUT,  Process: line__46.
# KERNEL: WARNING: NUMERIC_STD."=": metavalue detected, returning FALSE
# KERNEL: Time: 0 ps,  Iteration: 0,  Instance: /UUT,  Process: line__46.
# KERNEL: WARNING: NUMERIC_STD."=": metavalue detected, returning FALSE
# KERNEL: Time: 0 ps,  Iteration: 0,  Instance: /UUT,  Process: line__46.
# KERNEL: WARNING: NUMERIC_STD."=": metavalue detected, returning FALSE
# KERNEL: Time: 0 ps,  Iteration: 0,  Instance: /UUT,  Process: line__46.
# KERNEL: WARNING: NUMERIC_STD."=": metavalue detected, returning FALSE
# KERNEL: Time: 0 ps,  Iteration: 0,  Instance: /UUT,  Process: line__46.
# KERNEL: WARNING: NUMERIC_STD."=": metavalue detected, returning FALSE
# KERNEL: Time: 0 ps,  Iteration: 0,  Instance: /UUT,  Process: line__46.
# KERNEL: WARNING: NUMERIC_STD."=": metavalue detected, returning FALSE
# KERNEL: Time: 0 ps,  Iteration: 0,  Instance: /UUT,  Process: line__46.
# KERNEL: WARNING: NUMERIC_STD."=": metavalue detected, returning FALSE
# KERNEL: Time: 0 ps,  Iteration: 0,  Instance: /UUT,  Process: line__46.
# KERNEL: WARNING: NUMERIC_STD."=": metavalue detected, returning FALSE
# KERNEL: Time: 0 ps,  Iteration: 0,  Instance: /UUT,  Process: line__46.
# KERNEL: WARNING: NUMERIC_STD."=": metavalue detected, returning FALSE
# KERNEL: Time: 0 ps,  Iteration: 0,  Instance: /UUT,  Process: line__46.
# KERNEL: WARNING: NUMERIC_STD."=": metavalue detected, returning FALSE
# KERNEL: Time: 0 ps,  Iteration: 0,  Instance: /UUT,  Process: line__46.
# KERNEL: WARNING: NUMERIC_STD."=": metavalue detected, returning FALSE
# KERNEL: Time: 0 ps,  Iteration: 0,  Instance: /UUT,  Process: line__46.
# KERNEL: WARNING: NUMERIC_STD."=": metavalue detected, returning FALSE
# KERNEL: Time: 0 ps,  Iteration: 0,  Instance: /UUT,  Process: line__46.
# KERNEL: WARNING: NUMERIC_STD."=": metavalue detected, returning FALSE
# KERNEL: Time: 0 ps,  Iteration: 0,  Instance: /UUT,  Process: line__46.
# KERNEL: WARNING: NUMERIC_STD."=": metavalue detected, returning FALSE
# KERNEL: Time: 0 ps,  Iteration: 0,  Instance: /UUT,  Process: line__46.
# KERNEL: WARNING: NUMERIC_STD."=": metavalue detected, returning FALSE
# KERNEL: Time: 0 ps,  Iteration: 0,  Instance: /UUT,  Process: line__46.
# KERNEL: stopped at time: 100 ns
restart
# ELBREAD: Elaboration process.
# ELBREAD: Elaboration time 0.0 [s].
# KERNEL: Main thread initiated.
# KERNEL: Kernel process initialization phase.
# KERNEL: Time resolution set to 1ps.
# ELAB2: Elaboration final pass...
# ELAB2: Create instances ...
# ELAB2: Create instances complete.
# ELAB2: Elaboration final pass complete - time: 0.0 [s].
# KERNEL: Kernel process initialization done.
# Allocation: Simulator allocated 1779 kB (elbread=1023 elab2=485 kernel=270 sdf=0)
# KERNEL: ASDB file was created in location c:\My_Designs\BOOTH_2\BOOTH_2\src\wave.asdb
#  12:38 AM, Saturday, April 28, 2018
#  Simulation has been initialized
#  Selected Top-Level: booth_tb (tb_architecture)
run 50ns
# KERNEL: WARNING: NUMERIC_STD."=": metavalue detected, returning FALSE
# KERNEL: Time: 0 ps,  Iteration: 0,  Instance: /UUT,  Process: line__46.
# KERNEL: WARNING: NUMERIC_STD."=": metavalue detected, returning FALSE
# KERNEL: Time: 0 ps,  Iteration: 0,  Instance: /UUT,  Process: line__46.
# KERNEL: WARNING: NUMERIC_STD."=": metavalue detected, returning FALSE
# KERNEL: Time: 0 ps,  Iteration: 0,  Instance: /UUT,  Process: line__46.
# KERNEL: WARNING: NUMERIC_STD."=": metavalue detected, returning FALSE
# KERNEL: Time: 0 ps,  Iteration: 0,  Instance: /UUT,  Process: line__46.
# KERNEL: WARNING: NUMERIC_STD."=": metavalue detected, returning FALSE
# KERNEL: Time: 0 ps,  Iteration: 0,  Instance: /UUT,  Process: line__46.
# KERNEL: WARNING: NUMERIC_STD."=": metavalue detected, returning FALSE
# KERNEL: Time: 0 ps,  Iteration: 0,  Instance: /UUT,  Process: line__46.
# KERNEL: WARNING: NUMERIC_STD."=": metavalue detected, returning FALSE
# KERNEL: Time: 0 ps,  Iteration: 0,  Instance: /UUT,  Process: line__46.
# KERNEL: WARNING: NUMERIC_STD."=": metavalue detected, returning FALSE
# KERNEL: Time: 0 ps,  Iteration: 0,  Instance: /UUT,  Process: line__46.
# KERNEL: WARNING: NUMERIC_STD."=": metavalue detected, returning FALSE
# KERNEL: Time: 0 ps,  Iteration: 0,  Instance: /UUT,  Process: line__46.
# KERNEL: WARNING: NUMERIC_STD."=": metavalue detected, returning FALSE
# KERNEL: Time: 0 ps,  Iteration: 0,  Instance: /UUT,  Process: line__46.
# KERNEL: WARNING: NUMERIC_STD."=": metavalue detected, returning FALSE
# KERNEL: Time: 0 ps,  Iteration: 0,  Instance: /UUT,  Process: line__46.
# KERNEL: WARNING: NUMERIC_STD."=": metavalue detected, returning FALSE
# KERNEL: Time: 0 ps,  Iteration: 0,  Instance: /UUT,  Process: line__46.
# KERNEL: WARNING: NUMERIC_STD."=": metavalue detected, returning FALSE
# KERNEL: Time: 0 ps,  Iteration: 0,  Instance: /UUT,  Process: line__46.
# KERNEL: WARNING: NUMERIC_STD."=": metavalue detected, returning FALSE
# KERNEL: Time: 0 ps,  Iteration: 0,  Instance: /UUT,  Process: line__46.
# KERNEL: WARNING: NUMERIC_STD."=": metavalue detected, returning FALSE
# KERNEL: Time: 0 ps,  Iteration: 0,  Instance: /UUT,  Process: line__46.
# KERNEL: WARNING: NUMERIC_STD."=": metavalue detected, returning FALSE
# KERNEL: Time: 0 ps,  Iteration: 0,  Instance: /UUT,  Process: line__46.
# KERNEL: stopped at time: 50 ns
acom -work BOOTH_2 -2002  $DSN/src/BOOTH.vhd
# Compile...
# File: c:\My_Designs\BOOTH_2\BOOTH_2\src\BOOTH.vhd
# Compile Entity "BOOTH"
# Compile Architecture "BOOTH" of Entity "BOOTH"
# Compile success 0 Errors 0 Warnings  Analysis time :  94.0 [ms]
acom -work BOOTH_2 -2002  $DSN/src/BOOTH.vhd
# Compile...
# File: c:\My_Designs\BOOTH_2\BOOTH_2\src\BOOTH.vhd
# Compile Entity "BOOTH"
# Compile Architecture "BOOTH" of Entity "BOOTH"
# Compile success 0 Errors 0 Warnings  Analysis time :  79.0 [ms]
endsim
#  Simulation has been stopped
acom -work BOOTH_2 -2002  $DSN/src/booth.vhd $DSN/src/testbench/booth_tb.vhd
# Compile...
# File: c:\My_Designs\BOOTH_2\BOOTH_2\src\booth.vhd
# Compile Entity "BOOTH"
# Compile Architecture "BOOTH" of Entity "BOOTH"
# File: c:\My_Designs\BOOTH_2\BOOTH_2\src\testbench\booth_tb.vhd
# Compile Entity "booth_tb"
# Compile Architecture "TB_ARCHITECTURE" of Entity "booth_tb"
# Compile Configuration "TESTBENCH_FOR_booth"
# Compile success 0 Errors 0 Warnings  Analysis time :  0.1 [s]
asim -advdataflow  booth_tb tb_architecture
# ELBREAD: Elaboration process.
# ELBREAD: Elaboration time 0.0 [s].
# asim: Stack memory: 32MB
# asim: Retval memory: 32MB
# KERNEL: Main thread initiated.
# KERNEL: Kernel process initialization phase.
# KERNEL: Time resolution set to 1ps.
# ELAB2: Elaboration final pass...
# ELAB2: Create instances ...
# ELAB2: Create instances complete.
# ELAB2: Elaboration final pass complete - time: 0.0 [s].
# KERNEL: Kernel process initialization done.
# Allocation: Simulator allocated 1779 kB (elbread=1023 elab2=485 kernel=270 sdf=0)
# KERNEL: ASDB file was created in location c:\My_Designs\BOOTH_2\BOOTH_2\src\wave.asdb
#  12:42 AM, Saturday, April 28, 2018
#  Simulation has been initialized
#  Selected Top-Level: booth_tb (tb_architecture)
# 3 signal(s) traced.
run 50ns
# KERNEL: WARNING: NUMERIC_STD."=": metavalue detected, returning FALSE
# KERNEL: Time: 0 ps,  Iteration: 0,  Instance: /UUT,  Process: line__46.
# KERNEL: WARNING: NUMERIC_STD."=": metavalue detected, returning FALSE
# KERNEL: Time: 0 ps,  Iteration: 0,  Instance: /UUT,  Process: line__46.
# KERNEL: WARNING: NUMERIC_STD."=": metavalue detected, returning FALSE
# KERNEL: Time: 0 ps,  Iteration: 0,  Instance: /UUT,  Process: line__46.
# KERNEL: WARNING: NUMERIC_STD."=": metavalue detected, returning FALSE
# KERNEL: Time: 0 ps,  Iteration: 0,  Instance: /UUT,  Process: line__46.
# KERNEL: WARNING: NUMERIC_STD."=": metavalue detected, returning FALSE
# KERNEL: Time: 0 ps,  Iteration: 0,  Instance: /UUT,  Process: line__46.
# KERNEL: WARNING: NUMERIC_STD."=": metavalue detected, returning FALSE
# KERNEL: Time: 0 ps,  Iteration: 0,  Instance: /UUT,  Process: line__46.
# KERNEL: WARNING: NUMERIC_STD."=": metavalue detected, returning FALSE
# KERNEL: Time: 0 ps,  Iteration: 0,  Instance: /UUT,  Process: line__46.
# KERNEL: WARNING: NUMERIC_STD."=": metavalue detected, returning FALSE
# KERNEL: Time: 0 ps,  Iteration: 0,  Instance: /UUT,  Process: line__46.
# KERNEL: WARNING: NUMERIC_STD."=": metavalue detected, returning FALSE
# KERNEL: Time: 0 ps,  Iteration: 0,  Instance: /UUT,  Process: line__46.
# KERNEL: WARNING: NUMERIC_STD."=": metavalue detected, returning FALSE
# KERNEL: Time: 0 ps,  Iteration: 0,  Instance: /UUT,  Process: line__46.
# KERNEL: WARNING: NUMERIC_STD."=": metavalue detected, returning FALSE
# KERNEL: Time: 0 ps,  Iteration: 0,  Instance: /UUT,  Process: line__46.
# KERNEL: WARNING: NUMERIC_STD."=": metavalue detected, returning FALSE
# KERNEL: Time: 0 ps,  Iteration: 0,  Instance: /UUT,  Process: line__46.
# KERNEL: WARNING: NUMERIC_STD."=": metavalue detected, returning FALSE
# KERNEL: Time: 0 ps,  Iteration: 0,  Instance: /UUT,  Process: line__46.
# KERNEL: WARNING: NUMERIC_STD."=": metavalue detected, returning FALSE
# KERNEL: Time: 0 ps,  Iteration: 0,  Instance: /UUT,  Process: line__46.
# KERNEL: WARNING: NUMERIC_STD."=": metavalue detected, returning FALSE
# KERNEL: Time: 0 ps,  Iteration: 0,  Instance: /UUT,  Process: line__46.
# KERNEL: WARNING: NUMERIC_STD."=": metavalue detected, returning FALSE
# KERNEL: Time: 0 ps,  Iteration: 0,  Instance: /UUT,  Process: line__46.
# KERNEL: stopped at time: 50 ns
#  Simulation has been stopped
# ELBREAD: Elaboration process.
# ELBREAD: Elaboration time 0.0 [s].
asim -advdataflow  booth_tb tb_architecture
# ELBREAD: Elaboration process.
# ELBREAD: Elaboration time 0.0 [s].
# asim: Stack memory: 32MB
# asim: Retval memory: 32MB
# KERNEL: Main thread initiated.
# KERNEL: Kernel process initialization phase.
# KERNEL: Time resolution set to 1ps.
# ELAB2: Elaboration final pass...
# ELAB2: